# JRE version: 7.0_21-b11
# Java VM: Java HotSpot(TM) Server VM (23.21-b01 mixed mode windows-x86 )
Heap
 PSYoungGen      total 69760K, used 23120K [0x395b0000, 0x3e130000, 0x4a050000)
  eden space 64896K, 28% used [0x395b0000,0x3a784fd0,0x3d510000)
  from space 4864K, 99% used [0x3dab0000,0x3df6f060,0x3df70000)
  to   space 5760K, 0% used [0x3d510000,0x3d510000,0x3dab0000)
 ParOldGen       total 43712K, used 6264K [0x18050000, 0x1ab00000, 0x395b0000)
  object space 43712K, 14% used [0x18050000,0x1866e068,0x1ab00000)
 PSPermGen       total 65536K, used 14595K [0x10050000, 0x14050000, 0x18050000)
  object space 65536K, 22% used [0x10050000,0x10e90fc8,0x14050000)
GC Heap History (10 events):
Event: 2.836 GC heap before
{Heap before GC invocations=2 (full 0):
 PSYoungGen      total 19136K, used 18919K [0x395b0000, 0x3ab00000, 0x4a050000)
  eden space 16448K, 100% used [0x395b0000,0x3a5c0000,0x3a5c0000)
  from space 2688K, 91% used [0x3a5c0000,0x3a829c98,0x3a860000)
  to   space 2688K, 0% used [0x3a860000,0x3a860000,0x3ab00000)
 ParOldGen       total 43712K, used 557K [0x18050000, 0x1ab00000, 0x395b0000)
  object space 43712K, 1% used [0x18050000,0x180db490,0x1ab00000)
 PSPermGen       total 65536K, used 9085K [0x10050000, 0x14050000, 0x18050000)
  object space 65536K, 13% used [0x10050000,0x1092f458,0x14050000)
Event: 2.857 GC heap after
Heap after GC invocations=2 (full 0):
 PSYoungGen      total 19136K, used 2683K [0x395b0000, 0x3bb10000, 0x4a050000)
  eden space 16448K, 0% used [0x395b0000,0x395b0000,0x3a5c0000)
  from space 2688K, 99% used [0x3a860000,0x3aafee88,0x3ab00000)
  to   space 2688K, 0% used [0x3a5c0000,0x3a5c0000,0x3a860000)
 ParOldGen       total 43712K, used 2290K [0x18050000, 0x1ab00000, 0x395b0000)
  object space 43712K, 5% used [0x18050000,0x1828ca50,0x1ab00000)
 PSPermGen       total 65536K, used 9085K [0x10050000, 0x14050000, 0x18050000)
  object space 65536K, 13% used [0x10050000,0x1092f458,0x14050000)
}
Event: 3.733 GC heap before
{Heap before GC invocations=3 (full 0):
 PSYoungGen      total 19136K, used 19131K [0x395b0000, 0x3bb10000, 0x4a050000)
  eden space 16448K, 100% used [0x395b0000,0x3a5c0000,0x3a5c0000)
  from space 2688K, 99% used [0x3a860000,0x3aafee88,0x3ab00000)
  to   space 2688K, 0% used [0x3a5c0000,0x3a5c0000,0x3a860000)
 ParOldGen       total 43712K, used 2290K [0x18050000, 0x1ab00000, 0x395b0000)
  object space 43712K, 5% used [0x18050000,0x1828ca50,0x1ab00000)
 PSPermGen       total 65536K, used 9151K [0x10050000, 0x14050000, 0x18050000)
  object space 65536K, 13% used [0x10050000,0x1093fd40,0x14050000)
Event: 3.745 GC heap after
Heap after GC invocations=3 (full 0):
 PSYoungGen      total 19136K, used 2685K [0x395b0000, 0x3bb10000, 0x4a050000)
  eden space 16448K, 0% used [0x395b0000,0x395b0000,0x3a5c0000)
  from space 2688K, 99% used [0x3a5c0000,0x3a85f6f8,0x3a860000)
  to   space 2688K, 0% used [0x3b870000,0x3b870000,0x3bb10000)
 ParOldGen       total 43712K, used 3728K [0x18050000, 0x1ab00000, 0x395b0000)
  object space 43712K, 8% used [0x18050000,0x183f4278,0x1ab00000)
 PSPermGen       total 65536K, used 9151K [0x10050000, 0x14050000, 0x18050000)
  object space 65536K, 13% used [0x10050000,0x1093fd40,0x14050000)
}
Event: 4.129 GC heap before
{Heap before GC invocations=4 (full 0):
 PSYoungGen      total 19136K, used 19133K [0x395b0000, 0x3bb10000, 0x4a050000)
  eden space 16448K, 100% used [0x395b0000,0x3a5c0000,0x3a5c0000)
  from space 2688K, 99% used [0x3a5c0000,0x3a85f6f8,0x3a860000)
  to   space 2688K, 0% used [0x3b870000,0x3b870000,0x3bb10000)
 ParOldGen       total 43712K, used 3728K [0x18050000, 0x1ab00000, 0x395b0000)
  object space 43712K, 8% used [0x18050000,0x183f4278,0x1ab00000)
 PSPermGen       total 65536K, used 9174K [0x10050000, 0x14050000, 0x18050000)
  object space 65536K, 13% used [0x10050000,0x10945980,0x14050000)
Event: 4.140 GC heap after
Heap after GC invocations=4 (full 0):
 PSYoungGen      total 35584K, used 2676K [0x395b0000, 0x3bb10000, 0x4a050000)
  eden space 32896K, 0% used [0x395b0000,0x395b0000,0x3b5d0000)
  from space 2688K, 99% used [0x3b870000,0x3bb0d180,0x3bb10000)
  to   space 2688K, 0% used [0x3b5d0000,0x3b5d0000,0x3b870000)
 ParOldGen       total 43712K, used 4313K [0x18050000, 0x1ab00000, 0x395b0000)
  object space 43712K, 9% used [0x18050000,0x184864d8,0x1ab00000)
 PSPermGen       total 65536K, used 9174K [0x10050000, 0x14050000, 0x18050000)
  object space 65536K, 13% used [0x10050000,0x10945980,0x14050000)
}
Event: 5.876 GC heap before
{Heap before GC invocations=5 (full 0):
 PSYoungGen      total 35584K, used 35572K [0x395b0000, 0x3bb10000, 0x4a050000)
  eden space 32896K, 100% used [0x395b0000,0x3b5d0000,0x3b5d0000)
  from space 2688K, 99% used [0x3b870000,0x3bb0d180,0x3bb10000)
  to   space 2688K, 0% used [0x3b5d0000,0x3b5d0000,0x3b870000)
 ParOldGen       total 43712K, used 4313K [0x18050000, 0x1ab00000, 0x395b0000)
  object space 43712K, 9% used [0x18050000,0x184864d8,0x1ab00000)
 PSPermGen       total 65536K, used 9456K [0x10050000, 0x14050000, 0x18050000)
  object space 65536K, 14% used [0x10050000,0x1098c350,0x14050000)
Event: 5.907 GC heap after
Heap after GC invocations=5 (full 0):
 PSYoungGen      total 35584K, used 2684K [0x395b0000, 0x3df70000, 0x4a050000)
  eden space 32896K, 0% used [0x395b0000,0x395b0000,0x3b5d0000)
  from space 2688K, 99% used [0x3b5d0000,0x3b86f170,0x3b870000)
  to   space 4864K, 0% used [0x3dab0000,0x3dab0000,0x3df70000)
 ParOldGen       total 43712K, used 5557K [0x18050000, 0x1ab00000, 0x395b0000)
  object space 43712K, 12% used [0x18050000,0x185bd438,0x1ab00000)
 PSPermGen       total 65536K, used 9456K [0x10050000, 0x14050000, 0x18050000)
  object space 65536K, 14% used [0x10050000,0x1098c350,0x14050000)
}
Event: 8.826 GC heap before
{Heap before GC invocations=6 (full 0):
 PSYoungGen      total 35584K, used 35580K [0x395b0000, 0x3df70000, 0x4a050000)
  eden space 32896K, 100% used [0x395b0000,0x3b5d0000,0x3b5d0000)
  from space 2688K, 99% used [0x3b5d0000,0x3b86f170,0x3b870000)
  to   space 4864K, 0% used [0x3dab0000,0x3dab0000,0x3df70000)
 ParOldGen       total 43712K, used 5557K [0x18050000, 0x1ab00000, 0x395b0000)
  object space 43712K, 12% used [0x18050000,0x185bd438,0x1ab00000)
 PSPermGen       total 65536K, used 14069K [0x10050000, 0x14050000, 0x18050000)
  object space 65536K, 21% used [0x10050000,0x10e0d470,0x14050000)
Event: 8.935 GC heap after
Heap after GC invocations=6 (full 0):
 PSYoungGen      total 69760K, used 4860K [0x395b0000, 0x3e130000, 0x4a050000)
  eden space 64896K, 0% used [0x395b0000,0x395b0000,0x3d510000)
  from space 4864K, 99% used [0x3dab0000,0x3df6f060,0x3df70000)
  to   space 5760K, 0% used [0x3d510000,0x3d510000,0x3dab0000)
 ParOldGen       total 43712K, used 6264K [0x18050000, 0x1ab00000, 0x395b0000)
  object space 43712K, 14% used [0x18050000,0x1866e068,0x1ab00000)
 PSPermGen       total 65536K, used 14069K [0x10050000, 0x14050000, 0x18050000)
  object space 65536K, 21% used [0x10050000,0x10e0d470,0x14050000)
}

